<?xml version="1.0" encoding="UTF-8"?>
<beans xmlns="http://www.springframework.org/schema/beans"
	xmlns:util="http://www.springframework.org/schema/util" xmlns:xsi="http://www.w3.org/2001/XMLSchema-instance"
	xmlns:jaxrs="http://cxf.apache.org/jaxrs" xmlns:context="http://www.springframework.org/schema/context"
	xsi:schemaLocation="    
       http://www.springframework.org/schema/beans http://www.springframework.org/schema/beans/spring-beans-2.5.xsd    
       http://cxf.apache.org/jaxrs http://cxf.apache.org/schemas/jaxrs.xsd    
       http://www.springframework.org/schema/context http://www.springframework.org/schema/context/spring-context.xsd
       http://www.springframework.org/schema/util   
        http://www.springframework.org/schema/util/spring-util-2.5.xsd"
	default-lazy-init="true">

	<!-- webservice cxf配置 -->
	<import resource="classpath:META-INF/cxf/cxf.xml" />
	<util:list id="jsonKeys">
		<value>forumThreads</value>
		<value>forumMessages</value>
		<value>forumUserStatis</value>
	</util:list>

	<util:list id="jsonTypes">
		<value>application/json</value>
		<value>application/jettison</value>
	</util:list>
	<!--from http://cnmqw.iteye.com/blog/1550301 -->
	<bean id="jsonProvider" class="org.apache.cxf.jaxrs.provider.json.JSONProvider">
		<property name="serializeAsArray" value="true" />
		<property name="arrayKeys" ref="jsonKeys" />
		<property name="produceMediaTypes" ref="jsonTypes" />
		<property name="consumeMediaTypes" ref="jsonTypes" />
		<property name="ignoreNamespaces" value="true" />
		<property name="dropRootElement" value="true" />
		<property name="ignoreMixedContent" value="true" />
		<property name="supportUnwrapped" value="true" />
		<property name="attributesToElements" value="true" />
	</bean>
	
	<!-- <bean id="webClient" class="org.apache.cxf.jaxrs.client.WebClient" 
		factory-method="create"> -->
	<!-- <constructor-arg type="java.lang.String" value="http://localhost:80/v5g/service/" /> -->
	<!-- </bean> -->
	 <jaxrs:client id="restClient" >
		<jaxrs:providers>
			<ref bean="jsonProvider" />
		</jaxrs:providers>
	</jaxrs:client> 
	<!-- <bean id="myJsonProvider" -->
	<!-- class="org.apache.cxf.jaxrs.provider.JSONProvider" > -->
	<!-- <property name="supportUnwrapped" value="true" /> -->
	<!-- <property name="wrapperName" value="nodeName" /> -->
	<!-- </bean> -->

	<util:list id="webClientProviders">
		<ref bean="jsonProvider" />
	</util:list>

	<bean id="client" class="org.apache.cxf.jaxrs.client.WebClient"
		factory-method="create">
		<!-- 配置自己的地址
		<constructor-arg type="java.lang.String" value="http://127.0.0.1:8881/aMineWs/" /> -->
		<!-- 配置自己的地址 -->
		<constructor-arg type="java.lang.String" value="http://121.40.137.42:8881/aMineWs/" />
		<!-- 内网服务器 -->
		<!-- <constructor-arg type="java.lang.String" value="http://10.128.165.11/" /> -->
		<!-- 印尼服务器 -->
		<!-- <constructor-arg type="java.lang.String" value="http://123.100.245.92/" /> -->
		<!-- 香港服务器 -->
		<!-- <constructor-arg type="java.lang.String" value="http://203.90.239.11/" /> -->
		
		<!--  <constructor-arg type="java.lang.String" value="http://pc.y6.cn/" /> -->
		<constructor-arg ref="webClientProviders" />
	</bean>
</beans>